This file contains any messages produced by compilers while
running configure, to aid debugging if configure makes a mistake.

It was created by stow configure 2.4.1, which was
generated by GNU Autoconf 2.72.  Invocation command line was

  $ ./configure

## --------- ##
## Platform. ##
## --------- ##

hostname = db4bf328aa47
uname -m = x86_64
uname -r = 6.5.0-44-generic
uname -s = Linux
uname -v = #44~22.04.1-Ubuntu SMP PREEMPT_DYNAMIC Tue Jun 18 14:36:16 UTC 2

/usr/bin/uname -p = x86_64
/bin/uname -X     = unknown

/bin/arch              = x86_64
/usr/bin/arch -k       = unknown
/usr/convex/getsysinfo = unknown
/usr/bin/hostinfo      = unknown
/bin/machine           = unknown
/usr/bin/oslevel       = unknown
/bin/universe          = unknown

PATH: /usr/local/sbin/
PATH: /usr/local/bin/
PATH: /usr/sbin/
PATH: /usr/bin/
PATH: /sbin/
PATH: /bin/
PATH: /usr/games/
PATH: /usr/local/games/
PATH: /snap/bin/


## ----------- ##
## Core tests. ##
## ----------- ##

configure:1710: looking for aux files: missing install-sh
configure:1723:  trying ./automake/
configure:1752:   ./automake/missing found
configure:1734:   ./automake/install-sh found
configure:1887: checking for a BSD-compatible install
configure:1961: result: /usr/bin/install -c
configure:1972: checking whether build environment is sane
configure:2027: result: yes
configure:2188: checking for a race-free mkdir -p
configure:2231: result: /usr/bin/mkdir -p
configure:2238: checking for gawk
configure:2274: result: no
configure:2238: checking for mawk
configure:2259: found /usr/bin/mawk
configure:2271: result: mawk
configure:2282: checking whether make sets $(MAKE)
configure:2306: result: yes
configure:2336: checking whether make supports nested variables
configure:2355: result: yes
configure:2497: checking for perl
configure:2520: found /usr/bin/perl
configure:2533: result: /usr/bin/perl
configure:2552: checking Test::More
configure:2556: result: yes
configure:2552: checking Test::Output
configure:2559: result: no
configure:2734: checking that generated files are newer than configure
configure:2740: result: done
configure:2748: creating ./config.status

## ---------------------- ##
## Running config.status. ##
## ---------------------- ##

This file was extended by stow config.status 2.4.1, which was
generated by GNU Autoconf 2.72.  Invocation command line was

  CONFIG_FILES    = 
  CONFIG_HEADERS  = 
  CONFIG_LINKS    = 
  CONFIG_COMMANDS = 
  $ ./config.status 

on db4bf328aa47

config.status:744: creating Makefile

## ---------------- ##
## Cache variables. ##
## ---------------- ##

ac_cv_env_build_alias_set=
ac_cv_env_build_alias_value=
ac_cv_env_host_alias_set=
ac_cv_env_host_alias_value=
ac_cv_env_target_alias_set=
ac_cv_env_target_alias_value=
ac_cv_path_PERL=/usr/bin/perl
ac_cv_path_install='/usr/bin/install -c'
ac_cv_path_mkdir=/usr/bin/mkdir
ac_cv_prog_AWK=mawk
ac_cv_prog_make_make_set=yes
am_cv_make_support_nested_variables=yes

## ----------------- ##
## Output variables. ##
## ----------------- ##

ACLOCAL='${SHELL} '\''/home/liam/dotfiles/stow-2.4.1/automake/missing'\'' aclocal-1.16'
AMTAR='$${TAR-tar}'
AM_BACKSLASH='\'
AM_DEFAULT_V='$(AM_DEFAULT_VERBOSITY)'
AM_DEFAULT_VERBOSITY='1'
AM_V='$(V)'
AUTOCONF='${SHELL} '\''/home/liam/dotfiles/stow-2.4.1/automake/missing'\'' autoconf'
AUTOHEADER='${SHELL} '\''/home/liam/dotfiles/stow-2.4.1/automake/missing'\'' autoheader'
AUTOMAKE='${SHELL} '\''/home/liam/dotfiles/stow-2.4.1/automake/missing'\'' automake-1.16'
AWK='mawk'
CSCOPE='cscope'
CTAGS='ctags'
CYGPATH_W='echo'
DEFS='-DPACKAGE_NAME=\"stow\" -DPACKAGE_TARNAME=\"stow\" -DPACKAGE_VERSION=\"2.4.1\" -DPACKAGE_STRING=\"stow\ 2.4.1\" -DPACKAGE_BUGREPORT=\"bug-stow@gnu.org\" -DPACKAGE_URL=\"\" -DPACKAGE=\"stow\" -DVERSION=\"2.4.1\"'
ECHO_C=''
ECHO_N='-n'
ECHO_T=''
ETAGS='etags'
INSTALL_DATA='${INSTALL} -m 644'
INSTALL_PROGRAM='${INSTALL}'
INSTALL_SCRIPT='${INSTALL}'
INSTALL_STRIP_PROGRAM='$(install_sh) -c -s'
LIBOBJS=''
LIBS=''
LTLIBOBJS=''
MAKEINFO='${SHELL} '\''/home/liam/dotfiles/stow-2.4.1/automake/missing'\'' makeinfo'
MKDIR_P='/usr/bin/mkdir -p'
PACKAGE='stow'
PACKAGE_BUGREPORT='bug-stow@gnu.org'
PACKAGE_NAME='stow'
PACKAGE_STRING='stow 2.4.1'
PACKAGE_TARNAME='stow'
PACKAGE_URL=''
PACKAGE_VERSION='2.4.1'
PATH_SEPARATOR=':'
PERL='/usr/bin/perl'
PMDIR='${prefix}/share/perl/5.34.0'
SET_MAKE=''
SHELL='/bin/bash'
STRIP=''
VERSION='2.4.1'
am__isrc=''
am__leading_dot='.'
am__tar='$${TAR-tar} chof - "$$tardir"'
am__untar='$${TAR-tar} xf -'
bindir='${exec_prefix}/bin'
build_alias=''
datadir='${datarootdir}'
datarootdir='${prefix}/share'
docdir='${datarootdir}/doc/${PACKAGE_TARNAME}'
dvidir='${docdir}'
exec_prefix='${prefix}'
host_alias=''
htmldir='${docdir}'
includedir='${prefix}/include'
infodir='${datarootdir}/info'
install_sh='${SHELL} /home/liam/dotfiles/stow-2.4.1/automake/install-sh'
libdir='${exec_prefix}/lib'
libexecdir='${exec_prefix}/libexec'
localedir='${datarootdir}/locale'
localstatedir='${prefix}/var'
mandir='${datarootdir}/man'
mkdir_p='$(MKDIR_P)'
oldincludedir='/usr/include'
pdfdir='${docdir}'
prefix='/usr/local'
program_transform_name='s,x,x,'
psdir='${docdir}'
runstatedir='${localstatedir}/run'
sbindir='${exec_prefix}/sbin'
sharedstatedir='${prefix}/com'
sysconfdir='${prefix}/etc'
target_alias=''

## ----------- ##
## confdefs.h. ##
## ----------- ##

/* confdefs.h */
#define PACKAGE_NAME "stow"
#define PACKAGE_TARNAME "stow"
#define PACKAGE_VERSION "2.4.1"
#define PACKAGE_STRING "stow 2.4.1"
#define PACKAGE_BUGREPORT "bug-stow@gnu.org"
#define PACKAGE_URL ""
#define PACKAGE "stow"
#define VERSION "2.4.1"

configure: exit 0
